<?xml version="1.0" encoding="UTF-8"?>
<testng-results ignored="0" total="1" passed="1" failed="0" skipped="0">
  <reporter-output>
  </reporter-output>
  <suite started-at="2021-07-28T13:36:23 IST" name="Default suite" finished-at="2021-07-28T13:36:33 IST" duration-ms="9711">
    <groups>
    </groups>
    <test started-at="2021-07-28T13:36:23 IST" name="Default test" finished-at="2021-07-28T13:36:33 IST" duration-ms="9711">
      <class name="Tips">
        <test-method signature="ticls()[pri:0, instance:Tips@6c779568]" started-at="2021-07-28T13:36:23 IST" name="ticls" finished-at="2021-07-28T13:36:32 IST" duration-ms="9644" status="PASS">
          <reporter-output>
          </reporter-output>
        </test-method> <!-- ticls -->
      </class> <!-- Tips -->
    </test> <!-- Default test -->
  </suite> <!-- Default suite -->
</testng-results>
